2024-10-06 19:00:31,105 - INFO - Жалоба отправлена: zbutjlfg@mail.ru, +76582894320
2024-10-10 23:57:56,242 - INFO - Жалоба отправлена: qijmbukw@rambler.ru, +72497560885
2024-10-11 00:02:52,669 - INFO - Жалоба отправлена: tweecxsk@rambler.ru, +70430572200
2024-10-11 00:03:45,153 - INFO - Жалоба отправлена: yrmejlqi@gmail.com, +72852477832
2024-10-11 00:06:58,580 - INFO - Жалоба отправлена: dwzohagv@mail.ru, +73479436735
2024-10-11 17:24:43,966 - INFO - Жалоба отправлена: rtqzlinb@mail.ru, +73705662829
2024-10-11 17:24:44,649 - INFO - Жалоба отправлена: rtqzlinb@mail.ru, +73705662829
2024-10-11 17:24:45,236 - INFO - Жалоба отправлена: rtqzlinb@mail.ru, +73705662829
2024-10-11 17:25:48,304 - INFO - Жалоба отправлена: wkrrzkcd@rambler.ru, +72508772630
2024-10-27 15:16:56,494 - INFO - Жалоба отправлена: ugfyyvpx@rambler.ru, +74866735270
2024-10-27 15:16:57,906 - INFO - Жалоба отправлена: ugfyyvpx@rambler.ru, +74866735270
2024-10-27 15:16:58,332 - INFO - Жалоба отправлена: ugfyyvpx@rambler.ru, +74866735270
2024-10-27 15:16:59,809 - INFO - Жалоба отправлена: ugfyyvpx@rambler.ru, +74866735270
2024-10-27 15:17:00,252 - INFO - Жалоба отправлена: ugfyyvpx@rambler.ru, +74866735270
2024-10-27 15:17:00,726 - INFO - Жалоба отправлена: ugfyyvpx@rambler.ru, +74866735270
2024-10-27 15:17:01,129 - INFO - Жалоба отправлена: ugfyyvpx@rambler.ru, +74866735270
2024-10-27 15:17:01,564 - INFO - Жалоба отправлена: ugfyyvpx@rambler.ru, +74866735270
2024-10-27 15:17:02,036 - INFO - Жалоба отправлена: ugfyyvpx@rambler.ru, +74866735270
2024-10-27 15:17:02,441 - INFO - Жалоба отправлена: ugfyyvpx@rambler.ru, +74866735270
2024-10-27 15:17:02,890 - INFO - Жалоба отправлена: ugfyyvpx@rambler.ru, +74866735270
2024-10-27 15:17:03,352 - INFO - Жалоба отправлена: ugfyyvpx@rambler.ru, +74866735270
2024-10-27 15:17:03,760 - INFO - Жалоба отправлена: ugfyyvpx@rambler.ru, +74866735270
2024-10-27 15:17:04,210 - INFO - Жалоба отправлена: ugfyyvpx@rambler.ru, +74866735270
2024-10-27 15:17:04,650 - INFO - Жалоба отправлена: ugfyyvpx@rambler.ru, +74866735270
2024-10-27 15:17:05,095 - INFO - Жалоба отправлена: ugfyyvpx@rambler.ru, +74866735270
2024-10-27 15:17:05,724 - INFO - Жалоба отправлена: ugfyyvpx@rambler.ru, +74866735270
2024-10-27 15:17:06,542 - INFO - Жалоба отправлена: ugfyyvpx@rambler.ru, +74866735270
2024-10-27 15:17:07,001 - INFO - Жалоба отправлена: ugfyyvpx@rambler.ru, +74866735270
2024-10-27 15:17:07,410 - INFO - Жалоба отправлена: ugfyyvpx@rambler.ru, +74866735270
2024-10-27 15:17:07,849 - INFO - Жалоба отправлена: ugfyyvpx@rambler.ru, +74866735270
2024-10-27 15:17:08,433 - INFO - Жалоба отправлена: ugfyyvpx@rambler.ru, +74866735270
2024-10-27 15:17:08,808 - INFO - Жалоба отправлена: ugfyyvpx@rambler.ru, +74866735270
2024-10-27 15:17:09,191 - INFO - Жалоба отправлена: ugfyyvpx@rambler.ru, +74866735270
2024-10-27 15:17:09,616 - INFO - Жалоба отправлена: ugfyyvpx@rambler.ru, +74866735270
2024-10-27 15:17:10,050 - INFO - Жалоба отправлена: ugfyyvpx@rambler.ru, +74866735270
2024-10-27 15:17:11,241 - INFO - Жалоба отправлена: ugfyyvpx@rambler.ru, +74866735270
2024-10-27 15:17:11,562 - INFO - Жалоба отправлена: ugfyyvpx@rambler.ru, +74866735270
2024-10-27 15:17:11,958 - INFO - Жалоба отправлена: ugfyyvpx@rambler.ru, +74866735270
2024-10-27 15:17:12,360 - INFO - Жалоба отправлена: ugfyyvpx@rambler.ru, +74866735270
2024-10-27 15:17:12,776 - INFO - Жалоба отправлена: ugfyyvpx@rambler.ru, +74866735270
2024-10-27 15:17:13,227 - INFO - Жалоба отправлена: ugfyyvpx@rambler.ru, +74866735270
2024-10-27 15:17:13,691 - INFO - Жалоба отправлена: ugfyyvpx@rambler.ru, +74866735270
2024-10-27 15:17:14,086 - INFO - Жалоба отправлена: ugfyyvpx@rambler.ru, +74866735270
2024-10-27 15:17:14,447 - INFO - Жалоба отправлена: ugfyyvpx@rambler.ru, +74866735270
2024-10-27 15:17:14,990 - INFO - Жалоба отправлена: ugfyyvpx@rambler.ru, +74866735270
2024-10-27 15:17:15,408 - INFO - Жалоба отправлена: ugfyyvpx@rambler.ru, +74866735270
2024-10-27 15:17:15,748 - INFO - Жалоба отправлена: ugfyyvpx@rambler.ru, +74866735270
2024-10-27 15:17:16,301 - INFO - Жалоба отправлена: ugfyyvpx@rambler.ru, +74866735270
2024-10-27 15:17:16,735 - INFO - Жалоба отправлена: ugfyyvpx@rambler.ru, +74866735270
2024-10-27 15:17:18,280 - INFO - Жалоба отправлена: ugfyyvpx@rambler.ru, +74866735270
2024-10-27 15:17:18,591 - INFO - Жалоба отправлена: ugfyyvpx@rambler.ru, +74866735270
2024-10-27 15:17:19,014 - INFO - Жалоба отправлена: ugfyyvpx@rambler.ru, +74866735270
2024-10-27 15:17:19,464 - INFO - Жалоба отправлена: ugfyyvpx@rambler.ru, +74866735270
2024-10-27 15:17:20,038 - INFO - Жалоба отправлена: ugfyyvpx@rambler.ru, +74866735270
2024-10-27 15:17:20,360 - INFO - Жалоба отправлена: ugfyyvpx@rambler.ru, +74866735270
2024-10-27 15:17:20,797 - INFO - Жалоба отправлена: ugfyyvpx@rambler.ru, +74866735270
2024-10-27 15:17:21,228 - INFO - Жалоба отправлена: ugfyyvpx@rambler.ru, +74866735270
2024-10-27 15:17:21,675 - INFO - Жалоба отправлена: ugfyyvpx@rambler.ru, +74866735270
2024-10-27 15:17:22,082 - INFO - Жалоба отправлена: ugfyyvpx@rambler.ru, +74866735270
2024-10-27 15:17:22,504 - INFO - Жалоба отправлена: ugfyyvpx@rambler.ru, +74866735270
2024-10-27 15:17:22,885 - INFO - Жалоба отправлена: ugfyyvpx@rambler.ru, +74866735270
2024-10-27 15:17:23,230 - INFO - Жалоба отправлена: ugfyyvpx@rambler.ru, +74866735270
2024-10-27 15:17:23,695 - INFO - Жалоба отправлена: ugfyyvpx@rambler.ru, +74866735270
2024-10-27 15:17:24,097 - INFO - Жалоба отправлена: ugfyyvpx@rambler.ru, +74866735270
2024-10-27 15:17:24,446 - INFO - Жалоба отправлена: ugfyyvpx@rambler.ru, +74866735270
2024-10-27 15:17:24,904 - INFO - Жалоба отправлена: ugfyyvpx@rambler.ru, +74866735270
2024-10-27 15:17:25,318 - INFO - Жалоба отправлена: ugfyyvpx@rambler.ru, +74866735270
2024-10-27 15:17:25,756 - INFO - Жалоба отправлена: ugfyyvpx@rambler.ru, +74866735270
2024-10-27 15:17:26,242 - INFO - Жалоба отправлена: ugfyyvpx@rambler.ru, +74866735270
